<?xml version="1.0" encoding="UTF-8"?>
<testng-results ignored="0" total="1" passed="1" failed="0" skipped="0">
  <reporter-output>
  </reporter-output>
  <suite started-at="2021-05-27T18:38:36 CST" name="Globe_MyAccounts_Maven" finished-at="2021-05-27T18:38:52 CST" duration-ms="16552">
    <groups>
    </groups>
    <test started-at="2021-05-27T18:38:36 CST" name="Globe test" finished-at="2021-05-27T18:38:52 CST" duration-ms="16552">
      <class name="com.tests.BasePageTest">
        <test-method is-config="true" signature="initializeTestBaseSetup(java.lang.String,java.lang.String)[pri:0, instance:com.tests.BasePageTest@198b6731]" started-at="2021-05-27T18:38:36 CST" name="initializeTestBaseSetup" finished-at="2021-05-27T18:38:52 CST" duration-ms="16446" status="PASS">
          <params>
            <param index="0">
              <value>
                <![CDATA[firefox]]>
              </value>
            </param>
            <param index="1">
              <value>
                <![CDATA[http://www.globe.com.ph/]]>
              </value>
            </param>
          </params>
          <reporter-output>
          </reporter-output>
        </test-method> <!-- initializeTestBaseSetup -->
        <test-method is-config="true" signature="setUp()[pri:0, instance:com.tests.BasePageTest@198b6731]" started-at="2021-05-27T18:38:52 CST" name="setUp" finished-at="2021-05-27T18:38:52 CST" duration-ms="1" status="PASS">
          <reporter-output>
          </reporter-output>
        </test-method> <!-- setUp -->
        <test-method signature="verifyHomePage()[pri:0, instance:com.tests.BasePageTest@198b6731]" started-at="2021-05-27T18:38:52 CST" name="verifyHomePage" finished-at="2021-05-27T18:38:52 CST" duration-ms="39" status="PASS">
          <reporter-output>
          </reporter-output>
        </test-method> <!-- verifyHomePage -->
        <test-method is-config="true" signature="tearDown()[pri:0, instance:com.tests.BasePageTest@198b6731]" started-at="2021-05-27T18:38:52 CST" name="tearDown" finished-at="2021-05-27T18:38:55 CST" duration-ms="2775" status="PASS">
          <reporter-output>
          </reporter-output>
        </test-method> <!-- tearDown -->
      </class> <!-- com.tests.BasePageTest -->
    </test> <!-- Globe test -->
  </suite> <!-- Globe_MyAccounts_Maven -->
</testng-results>
